<?xml version="1.0" encoding="UTF-8"?>
<testng-results skipped="0" failed="0" ignored="0" total="2" passed="2">
  <reporter-output>
  </reporter-output>
  <suite name="Default suite" duration-ms="18109" started-at="2023-07-12T10:41:05Z" finished-at="2023-07-12T10:41:23Z">
    <groups>
    </groups>
    <test name="Default test" duration-ms="18109" started-at="2023-07-12T10:41:05Z" finished-at="2023-07-12T10:41:23Z">
      <class name="org.pojo.Ques1">
        <test-method status="PASS" signature="tc1()[pri:0, instance:org.pojo.Ques1@60c6f5b]" name="tc1" duration-ms="15419" started-at="2023-07-12T10:41:05Z" finished-at="2023-07-12T10:41:21Z">
          <reporter-output>
          </reporter-output>
        </test-method> <!-- tc1 -->
        <test-method status="PASS" signature="tc2()[pri:0, instance:org.pojo.Ques1@60c6f5b]" name="tc2" duration-ms="2634" started-at="2023-07-12T10:41:21Z" finished-at="2023-07-12T10:41:23Z">
          <reporter-output>
          </reporter-output>
        </test-method> <!-- tc2 -->
      </class> <!-- org.pojo.Ques1 -->
    </test> <!-- Default test -->
  </suite> <!-- Default suite -->
</testng-results>
